1733954266.8652  1.47
1733954266.8653  nil
1733954266.8653  nil
1733954266.8653  nil
1733954266.8654  (2023-09-08)
1733954266.8657  ---- Starting Manager -----
1733954266.8657  Script path: /Users/jonathankawchuk/Library/Application Support/REAPER/Scripts/HeDaScripts Manager OSX/Scripts/HeDaScripts/HeDaScripts Manager/
1733954266.8658  Scripts path: /Users/jonathankawchuk/Library/Application Support/REAPER/Scripts/
1733954266.8658  Settings path: /Users/jonathankawchuk/Library/Application Support/REAPER/Scripts/HeDaScripts/HeDaScripts Manager settings/
1733954266.8658  _resources path: /Users/jonathankawchuk/Library/Application Support/REAPER/Scripts/HeDaScripts/HeDaScripts Manager settings/_resources/
1733954266.8659  HeDaScripts path: /Users/jonathankawchuk/Library/Application Support/REAPER/Scripts/HeDaScripts/
1733954266.8659  Name script: HeDaScripts Manager
1733954266.8659  Version: 1.47
1733954266.8669  Is MacOS
1733954266.8669  using system curl: /usr/bin/curl
1733954266.8673  found 7zz at: "/Users/jonathankawchuk/Library/Application Support/REAPER/Scripts/HeDaScripts/HeDaScripts Manager settings/7z/7zz"
1733954266.8673  ______________ Testing curl: /usr/bin/curl --version
1733954266.8998  0
curl 8.4.0 (x86_64-apple-darwin23.0) libcurl/8.4.0 (SecureTransport) LibreSSL/3.3.6 zlib/1.2.12 nghttp2/1.58.0
Release-Date: 2023-10-11
Protocols: dict file ftp ftps gopher gophers http https imap imaps ldap ldaps mqtt pop3 pop3s rtsp smb smbs smtp smtps telnet tftp
Features: alt-svc AsynchDNS GSS-API HSTS HTTP2 HTTPS-proxy IPv6 Kerberos Largefile libz MultiSSL NTLM NTLM_WB SPNEGO SSL threadsafe UnixSockets

1733954266.8999  40
1733954266.8999  curl installed ok
1733954266.8999  _________________ Testing 7z: "/Users/jonathankawchuk/Library/Application Support/REAPER/Scripts/HeDaScripts/HeDaScripts Manager settings/7z/7zz"
1733954267.1454  0

7-Zip (z) 23.01 (arm64) : Copyright (c) 1999-2023 Igor Pavlov : 2023-06-20
 64-bit arm_v:8 locale=en_US.UTF-8 Threads:8 OPEN_MAX:10240, ASM

Usage: 7zz <command> [<switches>...] <archive_name> [<file_names>...] [@listfile]

<Commands>
  a : Add files to archive
  b : Benchmark
  d : Delete files from archive
  e : Extract files from archive (without using directory names)
  h : Calculate hash values for files
  i : Show information about supported formats
  l : List contents of archive
  rn : Rename files in archive
  t : Test integrity of archive
  u : Update files to archive
  x : eXtract files with full paths

<Switches>
  -- : Stop switches and @listfile parsing
  -ai[r[-|0]]{@listfile|!wildcard} : Include archives
  -ax[r[-|0]]{@listfile|!wildcard} : eXclude archives
  -ao{a|s|t|u} : set Overwrite mode
  -an : disable archive_name field
  -bb[0-3] : set output log level
  -bd : disable progress indicator
  -bs{o|e|p}{0|1|2} : set output stream for output/error/progress line
  -bt : show execution time statistics
  -i[r[-|0]]{@listfile|!wildcard} : Include filenames
  -m{Parameters} : set compression Method
    -mmt[N] : set number of CPU threads
    -mx[N] : set compression level: -mx1 (fastest) ... -mx9 (ultra)
  -o{Directory} : set Output directory
  -p{Password} : set Password
  -r[-|0] : Recurse subdirectories for name search
  -sa{a|e|s} : set Archive name mode
  -scc{UTF-8|WIN|DOS} : set charset for console input/output
  -scs{UTF-8|UTF-16LE|UTF-16BE|WIN|DOS|{id}} : set charset for list files
  -scrc[CRC32|CRC64|SHA1|SHA256|*] : set hash function for x, e, h commands
  -sdel : delete files after compression
  -seml[.] : send archive by email
  -sfx[{name}] : Create SFX archive
  -si[{name}] : read data from stdin
  -slp : set Large Pages mode
  -slt : show technical information for l (List) command
  -snh : store hard links as links
  -snl : store symbolic links as links
  -sni : store NT security information
  -sns[-] : store NTFS alternate streams
  -so : write data to stdout
  -spd : disable wildcard matching for file names
  -spe : eliminate duplication of root folder for extract command
  -spf[2] : use fully qualified file paths
  -ssc[-] : set sensitive case mode
  -sse : stop archive creating, if it can't open some input file
  -ssp : do not change Last Access Time of source files while archiving
  -ssw : compress shared files
  -stl : set archive timestamp from the most recently modified file
  -stm{HexMask} : set CPU thread affinity mask (hexadecimal number)
  -stx{Type} : exclude archive type
  -t{Type} : Set type of archive
  -u[-][p#][q#][r#][x#][y#][z#][!newArchiveName] : Update options
  -v{Size}[b|k|m|g] : Create volumes
  -w[{path}] : assign Work directory. Empty path means a temporary directory
  -x[r[-|0]]{@listfile|!wildcard} : eXclude filenames
  -y : assume Yes on all queries

1733954267.1458  6
1733954267.1459  7z installed ok
1733954267.146  starting...
1733954267.1466  Wed Dec 11 13:57:47 2024
1733954267.1758  ok
1733954267.3393  reading index updates
1733954267.3394  1733954267.3394
1733954267.3397  https://reaper.hector-corcin.com/hsmanager_downloads/index_updates.dat
1733954268.1004  /usr/bin/curl
1733954268.1005  
1733954268.1005  found
1733954268.1005  /Users/jonathankawchuk/Library/Application Support/REAPER/Scripts/HeDaScripts/HeDaScripts Manager settings/_resources/index_updates.dat
1733954268.1006  index read ok
1733954282.5237  Uninstalling Regions&Markers from Items
1733954282.524  reading actions to add in (macOS-arm64)
1733954282.5348  HeDa_Regions&Markers from Items.lua
1733954282.5348  HeDa_Regions&Markers run once without UI.lua
1733954282.5348  Removing actions...
1733954282.5349  removing action:/Users/jonathankawchuk/Library/Application Support/REAPER/Scripts/HeDaScripts/Regions&Markers from Items/HeDa_Regions&Markers from Items.lua
1733954282.5401  successfully removed action:/Users/jonathankawchuk/Library/Application Support/REAPER/Scripts/HeDaScripts/Regions&Markers from Items/HeDa_Regions&Markers from Items.lua
1733954282.5402  removing action:/Users/jonathankawchuk/Library/Application Support/REAPER/Scripts/HeDaScripts/Regions&Markers from Items/HeDa_Regions&Markers run once without UI.lua
1733954282.5427  successfully removed action:/Users/jonathankawchuk/Library/Application Support/REAPER/Scripts/HeDaScripts/Regions&Markers from Items/HeDa_Regions&Markers run once without UI.lua
1733954282.5448  rm -r "/Users/jonathankawchuk/Library/Application Support/REAPER/Scripts/HeDaScripts/Regions&Markers from Items"
1733954282.5529  Version before: 0.97
1733954282.5529  Version after: Not Installed
1733954284.022  +++++++++++++ Downloading and installing Regions&Markers from Items
1733954284.0221  Version before: Not Installed
1733954284.0221  Downloading new update...
1733954284.0221  
1733954284.0222  Regions&Markers from Items.7z
1733954284.0222  
1733954284.0222  /Users/jonathankawchuk/Library/Application Support/REAPER/Scripts/HeDaScripts/HeDaScripts Manager settings/_resources/update.sh
1733954284.0224  Updating...
1733954284.6463  checking update...
1733954284.6464  /Users/jonathankawchuk/Library/Application Support/REAPER/Scripts/HeDaScripts/Regions&Markers from Items/Regions&Markers from Items - changelog.txt
1733954284.6465  found
1733954284.6465  /Users/jonathankawchuk/Library/Application Support/REAPER/Scripts/HeDaScripts/Regions&Markers from Items/Regions&Markers from Items - changelog.txt
1733954284.6466  installedchangelog
1733954284.6466  table: 0x600038fe24c0
1733954284.6467  reading actions to add in (macOS-arm64)
1733954284.6501  HeDa_Regions&Markers from Items.lua
1733954284.6502  HeDa_Regions&Markers run once without UI.lua
1733954284.6502  Adding actions...
1733954284.6502  adding /Users/jonathankawchuk/Library/Application Support/REAPER/Scripts/HeDaScripts/Regions&Markers from Items/HeDa_Regions&Markers from Items.lua
1733954284.6504  successfully added action: /Users/jonathankawchuk/Library/Application Support/REAPER/Scripts/HeDaScripts/Regions&Markers from Items/HeDa_Regions&Markers from Items.lua
1733954284.6504  adding /Users/jonathankawchuk/Library/Application Support/REAPER/Scripts/HeDaScripts/Regions&Markers from Items/HeDa_Regions&Markers run once without UI.lua
1733954284.654  successfully added action: /Users/jonathankawchuk/Library/Application Support/REAPER/Scripts/HeDaScripts/Regions&Markers from Items/HeDa_Regions&Markers run once without UI.lua
1733954284.654  Version after: 0.97
1733954289.447  exiting.
