1739299156.1417	Script path: /Users/jonathankawchuk/Library/Application Support/REAPER/Scripts/HeDaScripts/Track Templates VIP/
1739299156.1419	HeDaScripts path: /Users/jonathankawchuk/Library/Application Support/REAPER/Scripts/HeDaScripts/
1739299156.1419	Name script: Track Templates VIP
1739299156.142	Version: 1.6.4
1739299156.1421	Instance: 3
1739299156.1421	Custom Instance: no
1739299156.1422	Settings file: /Users/jonathankawchuk/Library/Application Support/REAPER/Scripts/HeDaScripts/Track Templates VIP settings/TT_Settings_3.cfg
1739299156.1422	Default Settings file: /Users/jonathankawchuk/Library/Application Support/REAPER/Scripts/HeDaScripts/Track Templates VIP/Default Settings.cfg
1739299156.1423	Load theme...
1739299156.1424	loading theme.: /Users/jonathankawchuk/Library/Application Support/REAPER/Scripts/HeDaScripts/Track Templates VIP/Default_6.0.TT_theme
1739299156.1426	loading theme...: /Users/jonathankawchuk/Library/Application Support/REAPER/Scripts/HeDaScripts/Track Templates VIP settings/Default_6.0.TT_theme
1739299156.1429	Default_6.0 - theme loaded.
1739299156.1429	Initializing...
1739299156.1747	Reading templates directory...
1739299156.1764	31 entries
1739299156.1765	Run...
1739299156.1766	--- 1
1739299156.1766	--- 2
1739299156.1777	--- 4
1739299156.1777	--- draw items
1739299156.1784	--- 6b
1739299156.1784	--- draw menu
1739299156.2418	Reading icons...
